dropout 0.2
model LSTM_Model
epochs 4
vector_dim 300
lr 0.002
batch_size 64
dataset train_data/reentrancy_code_snippets_2000.txt
threshold 0.5
Epoch 1/4

 64/836 [=>............................] - ETA: 6s - loss: 0.6852 - acc: 0.5156
128/836 [===>..........................] - ETA: 3s - loss: 0.6682 - acc: 0.5234
192/836 [=====>........................] - ETA: 2s - loss: 0.6849 - acc: 0.5156
256/836 [========>.....................] - ETA: 2s - loss: 0.6644 - acc: 0.5508
320/836 [==========>...................] - ETA: 1s - loss: 0.6576 - acc: 0.5750
384/836 [============>.................] - ETA: 1s - loss: 0.6648 - acc: 0.5755
448/836 [===============>..............] - ETA: 1s - loss: 0.6655 - acc: 0.5759
512/836 [=================>............] - ETA: 1s - loss: 0.6622 - acc: 0.5898
576/836 [===================>..........] - ETA: 0s - loss: 0.6566 - acc: 0.6059
640/836 [=====================>........] - ETA: 0s - loss: 0.6490 - acc: 0.6156
704/836 [========================>.....] - ETA: 0s - loss: 0.6432 - acc: 0.6293
768/836 [==========================>...] - ETA: 0s - loss: 0.6388 - acc: 0.6289
832/836 [============================>.] - ETA: 0s - loss: 0.6324 - acc: 0.6334
836/836 [==============================] - 2s 3ms/step - loss: 0.6308 - acc: 0.6352
Epoch 2/4

 64/836 [=>............................] - ETA: 1s - loss: 0.5210 - acc: 0.6875
128/836 [===>..........................] - ETA: 1s - loss: 0.5493 - acc: 0.6797
192/836 [=====>........................] - ETA: 1s - loss: 0.5767 - acc: 0.6458
256/836 [========>.....................] - ETA: 1s - loss: 0.5619 - acc: 0.6680
320/836 [==========>...................] - ETA: 1s - loss: 0.5673 - acc: 0.6719
384/836 [============>.................] - ETA: 1s - loss: 0.5634 - acc: 0.6849
448/836 [===============>..............] - ETA: 0s - loss: 0.5640 - acc: 0.6853
512/836 [=================>............] - ETA: 0s - loss: 0.5553 - acc: 0.6875
576/836 [===================>..........] - ETA: 0s - loss: 0.5495 - acc: 0.6927
640/836 [=====================>........] - ETA: 0s - loss: 0.5390 - acc: 0.6969
704/836 [========================>.....] - ETA: 0s - loss: 0.5308 - acc: 0.7088
768/836 [==========================>...] - ETA: 0s - loss: 0.5276 - acc: 0.7135
832/836 [============================>.] - ETA: 0s - loss: 0.5192 - acc: 0.7200
836/836 [==============================] - 2s 2ms/step - loss: 0.5187 - acc: 0.7201
Epoch 3/4

 64/836 [=>............................] - ETA: 1s - loss: 0.5060 - acc: 0.7344
128/836 [===>..........................] - ETA: 1s - loss: 0.4998 - acc: 0.7734
192/836 [=====>........................] - ETA: 1s - loss: 0.4911 - acc: 0.7552
256/836 [========>.....................] - ETA: 1s - loss: 0.4900 - acc: 0.7578
320/836 [==========>...................] - ETA: 1s - loss: 0.4964 - acc: 0.7438
384/836 [============>.................] - ETA: 1s - loss: 0.5201 - acc: 0.7109
448/836 [===============>..............] - ETA: 0s - loss: 0.5136 - acc: 0.7210
512/836 [=================>............] - ETA: 0s - loss: 0.5169 - acc: 0.7227
576/836 [===================>..........] - ETA: 0s - loss: 0.5208 - acc: 0.7170
640/836 [=====================>........] - ETA: 0s - loss: 0.5221 - acc: 0.7172
704/836 [========================>.....] - ETA: 0s - loss: 0.5199 - acc: 0.7188
768/836 [==========================>...] - ETA: 0s - loss: 0.5290 - acc: 0.7018
832/836 [============================>.] - ETA: 0s - loss: 0.5276 - acc: 0.6971
836/836 [==============================] - 2s 2ms/step - loss: 0.5290 - acc: 0.6938
Epoch 4/4

 64/836 [=>............................] - ETA: 1s - loss: 0.4788 - acc: 0.7188
128/836 [===>..........................] - ETA: 1s - loss: 0.4845 - acc: 0.7109
192/836 [=====>........................] - ETA: 1s - loss: 0.5002 - acc: 0.7292
256/836 [========>.....................] - ETA: 1s - loss: 0.4940 - acc: 0.7461
320/836 [==========>...................] - ETA: 1s - loss: 0.4962 - acc: 0.7594
384/836 [============>.................] - ETA: 1s - loss: 0.4966 - acc: 0.7552
448/836 [===============>..............] - ETA: 0s - loss: 0.4907 - acc: 0.7701
512/836 [=================>............] - ETA: 0s - loss: 0.4838 - acc: 0.7793
576/836 [===================>..........] - ETA: 0s - loss: 0.4763 - acc: 0.7830
640/836 [=====================>........] - ETA: 0s - loss: 0.4750 - acc: 0.7859
704/836 [========================>.....] - ETA: 0s - loss: 0.4771 - acc: 0.7841
768/836 [==========================>...] - ETA: 0s - loss: 0.4713 - acc: 0.7852
832/836 [============================>.] - ETA: 0s - loss: 0.4786 - acc: 0.7740
836/836 [==============================] - 2s 2ms/step - loss: 0.4810 - acc: 0.7727

 64/210 [========>.....................] - ETA: 0s
128/210 [=================>............] - ETA: 0s
192/210 [==========================>...] - ETA: 0s
210/210 [==============================] - 0s 1ms/step
Accuracy:  0.8523809501102992
Accuracy:  0.8523809523809524
False positive rate(FPR):  0.20952380952380953
False negative rate(FN):  0.08571428571428572
Recall(TPR):  0.9142857142857143
Precision:  0.8135593220338984
F1 score:  0.860986547085202
