dataset train_data/reentrancy_1671.txt
model LSTM_Model
lr 0.002
dropout 0.2
vector_dim 256
epochs 1
batch_size 64
threshold 0.5
Epoch 1/1

 64/921 [=>............................] - ETA: 9s - loss: 0.7949 - acc: 0.4219
192/921 [=====>........................] - ETA: 3s - loss: 1.1708 - acc: 0.5208
320/921 [=========>....................] - ETA: 1s - loss: 0.9015 - acc: 0.6312
448/921 [=============>................] - ETA: 1s - loss: 0.8260 - acc: 0.6496
576/921 [=================>............] - ETA: 0s - loss: 0.7496 - acc: 0.6771
704/921 [=====================>........] - ETA: 0s - loss: 0.6969 - acc: 0.7074
832/921 [==========================>...] - ETA: 0s - loss: 0.6757 - acc: 0.7200
921/921 [==============================] - 1s 1ms/step - loss: 0.6569 - acc: 0.7242

 64/231 [=======>......................] - ETA: 0s
231/231 [==============================] - 0s 687us/step
Accuracy:  0.7965367983429978
Accuracy:  0.7965367965367965
False positive rate(FPR):  0.2
False negative rate(FN):  0.20689655172413793
Recall(TPR):  0.7931034482758621
Precision:  0.8
F1 score:  0.7965367965367965
