dataset train_data/infinite_loop_1317.txt
model LSTM_Model
lr 0.002
dropout 0.2
vector_dim 256
epochs 1
batch_size 32
threshold 0.5
Epoch 1/1

 32/877 [>.............................] - ETA: 21s - loss: 0.6933 - acc: 0.5000
 96/877 [==>...........................] - ETA: 7s - loss: 0.6827 - acc: 0.5417 
160/877 [====>.........................] - ETA: 4s - loss: 0.7061 - acc: 0.5125
224/877 [======>.......................] - ETA: 2s - loss: 0.7062 - acc: 0.5223
288/877 [========>.....................] - ETA: 2s - loss: 0.7021 - acc: 0.5312
352/877 [===========>..................] - ETA: 1s - loss: 0.7054 - acc: 0.5284
416/877 [=============>................] - ETA: 1s - loss: 0.7054 - acc: 0.5240
480/877 [===============>..............] - ETA: 1s - loss: 0.7109 - acc: 0.5146
544/877 [=================>............] - ETA: 0s - loss: 0.7120 - acc: 0.5129
608/877 [===================>..........] - ETA: 0s - loss: 0.7125 - acc: 0.5049
672/877 [=====================>........] - ETA: 0s - loss: 0.7118 - acc: 0.5045
736/877 [========================>.....] - ETA: 0s - loss: 0.7128 - acc: 0.5041
800/877 [==========================>...] - ETA: 0s - loss: 0.7100 - acc: 0.5075
864/877 [============================>.] - ETA: 0s - loss: 0.7077 - acc: 0.5069
877/877 [==============================] - 2s 2ms/step - loss: 0.7072 - acc: 0.5074

 32/293 [==>...........................] - ETA: 1s
192/293 [==================>...........] - ETA: 0s
293/293 [==============================] - 0s 733us/step
Accuracy:  0.5017064846924955
False positive rate(FPR):  1.0
False negative rate(FN):  0.0
Recall(TPR):  1.0
Precision:  0.5017064846416383
F1 score:  0.6681818181818182
